<?xml version="1.0" encoding="UTF-8"?>
<!-- Generated by org.testng.reporters.JUnitXMLReporter -->
<testsuite hostname="Kiran-PC" ignored="6" name="Default test" tests="1" failures="0" timestamp="14 Sep 2019 06:22:15 GMT" time="16.482" errors="0">
  <testcase name="CheckPlutoniumUnderSuggestions" time="2.184" classname="com.problemstatement.wikitest.WikiPageTest"/>
  <testcase name="verifyExternalLink" time="0.0" classname="com.problemstatement.wikitest.WikiPageTest">
    <ignored/>
  </testcase> <!-- verifyExternalLink -->
  <testcase name="takeScreenshot" time="0.0" classname="com.problemstatement.wikitest.WikiPageTest">
    <ignored/>
  </testcase> <!-- takeScreenshot -->
  <testcase name="clickOnOxygenLInk" time="0.0" classname="com.problemstatement.wikitest.WikiPageTest">
    <ignored/>
  </testcase> <!-- clickOnOxygenLInk -->
  <testcase name="verifyfeaturedArticle" time="0.0" classname="com.problemstatement.wikitest.WikiPageTest">
    <ignored/>
  </testcase> <!-- verifyfeaturedArticle -->
  <testcase name="numberOdfLInks" time="0.0" classname="com.problemstatement.wikitest.WikiPageTest">
    <ignored/>
  </testcase> <!-- numberOdfLInks -->
  <testcase name="launchUrL" time="0.0" classname="com.problemstatement.wikitest.WikiPageTest">
    <ignored/>
  </testcase> <!-- launchUrL -->
</testsuite> <!-- Default test -->
