<?xml version="1.0" encoding="UTF-8"?>
<!-- Generated by org.testng.reporters.JUnitXMLReporter -->
<testsuite hostname="Kiran-PC" ignored="0" name="Test" tests="7" failures="0" timestamp="14 Sep 2019 12:10:10 GMT" time="279.32" errors="0">
  <testcase name="launchUrL" time="0.093" classname="com.problemstatement.wikitest.WikiPageTest"/>
  <testcase name="verifyExternalLink" time="0.561" classname="com.problemstatement.wikitest.WikiPageTest"/>
  <testcase name="clickOnOxygenLInk" time="3.479" classname="com.problemstatement.wikitest.WikiPageTest"/>
  <testcase name="verifyfeaturedArticle" time="4.711" classname="com.problemstatement.wikitest.WikiPageTest"/>
  <testcase name="takeScreenshot" time="6.052" classname="com.problemstatement.wikitest.WikiPageTest"/>
  <testcase name="numberOdfLInks" time="8.831" classname="com.problemstatement.wikitest.WikiPageTest"/>
  <testcase name="CheckPlutoniumUnderSuggestions" time="2.511" classname="com.problemstatement.wikitest.WikiPageTest"/>
</testsuite> <!-- Test -->
