<?xml version="1.0" encoding="UTF-8"?>
<!-- Generated by org.testng.reporters.JUnitXMLReporter -->
<testsuite hostname="Kiran-PC" ignored="0" name="BeginTestNG" tests="5" failures="0" timestamp="27 Jul 2019 07:30:16 GMT" time="17.136" errors="0">
  <testcase name="captureScreenshot" time="2.015" classname="beginWithTestNG.ScreenshotTest"/>
  <testcase name="toVerifyAddUser" time="0.009" classname="beginWithTestNG.UserManagerTest"/>
  <testcase name="toVerifyDeleteUser" time="0.006" classname="beginWithTestNG.UserManagerTest"/>
  <testcase name="toVerifyGetUser" time="0.008" classname="beginWithTestNG.UserManagerTest"/>
  <testcase name="toVerifyGetUserReturnNull" time="0.002" classname="beginWithTestNG.UserManagerTest"/>
</testsuite> <!-- BeginTestNG -->
